Build started 12/28/2014 11:41:15 AM.
     1>Project "D:\CIS\Fourth Year\1st Term\High Performance Computing\2014\Task\Fractal\Fractal\Fractal.vcxproj" on node 2 (Build target(s)).
     1>InitializeBuildStatus:
         Creating "Debug\Fractal.unsuccessfulbuild" because "AlwaysCreate" was specified.
       ClCompile:
         C:\Program Files (x86)\Microsoft Visual Studio 11.0\VC\bin\CL.exe /c /ZI /nologo /W3 /WX- /Od /Oy- /D WIN32 /D _DEBUG /D _CONSOLE /D _UNICODE /D UNICODE /Gm /EHsc /RTC1 /MDd /GS /fp:precise /Zc:wchar_t /Zc:forScope /openmp /Fo"Debug\\" /Fd"Debug\vc110.pdb" /Gd /TP /analyze- /errorReport:prompt Source.cpp
         Source.cpp
     1>d:\cis\fourth year\1st term\high performance computing\2014\task\fractal\fractal\source.cpp(69): warning C4996: 'sprintf': This function or variable may be unsafe. Consider using sprintf_s instead. To disable deprecation, use _CRT_SECURE_NO_WARNINGS. See online help for details.
                 c:\program files (x86)\microsoft visual studio 11.0\vc\include\stdio.h(357) : see declaration of 'sprintf'
     1>d:\cis\fourth year\1st term\high performance computing\2014\task\fractal\fractal\source.cpp(122): warning C4018: '<' : signed/unsigned mismatch
     1>d:\cis\fourth year\1st term\high performance computing\2014\task\fractal\fractal\source.cpp(153): warning C4018: '<' : signed/unsigned mismatch
       Link:
         C:\Program Files (x86)\Microsoft Visual Studio 11.0\VC\bin\link.exe /ERRORREPORT:PROMPT /OUT:"D:\CIS\Fourth Year\1st Term\High Performance Computing\2014\Task\Fractal\Debug\Fractal.exe" /INCREMENTAL /NOLOGO kernel32.lib user32.lib gdi32.lib winspool.lib comdlg32.lib advapi32.lib shell32.lib ole32.lib oleaut32.lib uuid.lib odbc32.lib odbccp32.lib /MANIFEST /MANIFESTUAC:"level='asInvoker' uiAccess='false'" /manifest:embed /DEBUG /PDB:"D:\CIS\Fourth Year\1st Term\High Performance Computing\2014\Task\Fractal\Debug\Fractal.pdb" /SUBSYSTEM:CONSOLE /TLBID:1 /DYNAMICBASE /NXCOMPAT /IMPLIB:"D:\CIS\Fourth Year\1st Term\High Performance Computing\2014\Task\Fractal\Debug\Fractal.lib" /MACHINE:X86 Debug\IPoint.obj
         Debug\Source.obj
         Fractal.vcxproj -> D:\CIS\Fourth Year\1st Term\High Performance Computing\2014\Task\Fractal\Debug\Fractal.exe
       FinalizeBuildStatus:
         Deleting file "Debug\Fractal.unsuccessfulbuild".
         Touching "Debug\Fractal.lastbuildstate".
     1>Done Building Project "D:\CIS\Fourth Year\1st Term\High Performance Computing\2014\Task\Fractal\Fractal\Fractal.vcxproj" (Build target(s)).

Build succeeded.

Time Elapsed 00:00:17.35
